<?xml version="1.0" encoding="UTF-8"?>
<coverage generated="1732290509448" clover="3.2.0">
  <project timestamp="1732290509449" name="All files">
    <metrics statements="13" coveredstatements="11" conditionals="0" coveredconditionals="0" methods="2" coveredmethods="2" elements="15" coveredelements="13" complexity="0" loc="13" ncloc="13" packages="1" files="1" classes="1"/>
    <file name="App.js" path="C:\Users\Henry\Documents\DevOps_journey\github_rep\DevOps_Projects\ecommerce\webapp\src\App.js">
      <metrics statements="13" coveredstatements="11" conditionals="0" coveredconditionals="0" methods="2" coveredmethods="2"/>
      <line num="20" count="2" type="stmt"/>
      <line num="21" count="2" type="stmt"/>
      <line num="24" count="2" type="stmt"/>
      <line num="27" count="2" type="stmt"/>
      <line num="28" count="1" type="stmt"/>
      <line num="32" count="2" type="stmt"/>
      <line num="33" count="2" type="stmt"/>
      <line num="35" count="2" type="stmt"/>
      <line num="41" count="2" type="stmt"/>
      <line num="44" count="2" type="stmt"/>
      <line num="47" count="0" type="stmt"/>
      <line num="50" count="0" type="stmt"/>
      <line num="55" count="2" type="stmt"/>
    </file>
  </project>
</coverage>
