{"C:\\Users\\Henry\\Documents\\DevOps_journey\\github_rep\\DevOps_Projects\\ecommerce\\webapp\\src\\App.js": {"path":"C:\\Users\\Henry\\Documents\\DevOps_journey\\github_rep\\DevOps_Projects\\ecommerce\\webapp\\src\\App.js","statementMap":{"0":{"start":{"line":20,"column":16},"end":{"line":20,"column":34}},"1":{"start":{"line":21,"column":12},"end":{"line":21,"column":21}},"2":{"start":{"line":24,"column":0},"end":{"line":24,"column":24}},"3":{"start":{"line":27,"column":0},"end":{"line":29,"column":3}},"4":{"start":{"line":28,"column":2},"end":{"line":28,"column":34}},"5":{"start":{"line":32,"column":0},"end":{"line":52,"column":3}},"6":{"start":{"line":33,"column":2},"end":{"line":51,"column":3}},"7":{"start":{"line":35,"column":21},"end":{"line":38,"column":5}},"8":{"start":{"line":41,"column":4},"end":{"line":41,"column":39}},"9":{"start":{"line":44,"column":4},"end":{"line":44,"column":35}},"10":{"start":{"line":47,"column":4},"end":{"line":47,"column":67}},"11":{"start":{"line":50,"column":4},"end":{"line":50,"column":63}},"12":{"start":{"line":55,"column":0},"end":{"line":55,"column":21}}},"fnMap":{"0":{"name":"(anonymous_0)","decl":{"start":{"line":27,"column":13},"end":{"line":27,"column":14}},"loc":{"start":{"line":27,"column":27},"end":{"line":29,"column":1}},"line":27},"1":{"name":"(anonymous_1)","decl":{"start":{"line":32,"column":25},"end":{"line":32,"column":26}},"loc":{"start":{"line":32,"column":39},"end":{"line":52,"column":1}},"line":32}},"branchMap":{},"s":{"0":2,"1":2,"2":2,"3":2,"4":1,"5":2,"6":2,"7":2,"8":2,"9":2,"10":0,"11":0,"12":2},"f":{"0":1,"1":2},"b":{},"_coverageSchema":"1a1c01bbd47fc00a2c39e90264f33305004495a9","hash":"edf5d656747ecca824577b68c2b7c014913e481f"}
}
